

*******************************************************************************
Thu Oct 20 17:12:15 2016


FIT:    data read from "resultados.dat" using 1:2
        format = x:z
BREAK: No data to fit

*******************************************************************************
Thu Oct 20 17:13:44 2016


FIT:    data read from "resultados.dat" using 1:2
        format = x:z
BREAK: No data to fit

*******************************************************************************
Thu Oct 20 17:13:51 2016


FIT:    data read from "resultados.dat"
        format = z
BREAK: bad data on line 1 of datafile

*******************************************************************************
Thu Oct 20 17:14:22 2016


FIT:    data read from "resultados.dat" using 1:2
        format = x:z
BREAK: No data to fit

*******************************************************************************
Thu Oct 20 17:14:25 2016


FIT:    data read from "resultados.dat" using 1:2
        format = x:z
BREAK: No data to fit

*******************************************************************************
Thu Oct 20 17:34:06 2016


FIT:    data read from "resultados.dat" using 1:2
        format = x:z
BREAK: No data to fit

*******************************************************************************
Thu Oct 20 18:00:07 2016


FIT:    data read from "resultados.dat" using 2:3
        format = x:z
        #datapoints = 344
        residuals are weighted equally (unit weight)

function used for fitting: f(x)
	f(x)=log(k)-m*log(1)
fitted parameters initialized with current variable values



*******************************************************************************
Thu Oct 20 18:04:10 2016


FIT:    data read from "resultados.dat" using 2:3
        format = x:z
        #datapoints = 344
        residuals are weighted equally (unit weight)

function used for fitting: f(x)
	f(x)=log(k)-m*log(x)
fitted parameters initialized with current variable values

iter      chisq       delta/lim  lambda   m             k            
   0 2.1513045977e+08   0.00e+00  3.57e+00    1.000000e+00   1.000000e+00
  40 1.9156482416e+08  -9.65e-01  3.57e-21   -3.583269e+01   3.841968e+23

After 40 iterations the fit converged.
final sum of squares of residuals : 1.91565e+08
rel. change during last iteration : -9.64563e-06

degrees of freedom    (FIT_NDF)                        : 342
rms of residuals      (FIT_STDFIT) = sqrt(WSSR/ndf)    : 748.419
variance of residuals (reduced chisquare) = WSSR/ndf   : 560131

Final set of parameters            Asymptotic Standard Error
=======================            ==========================
m               = -35.8327         +/- 41.72        (116.4%)
k               = 3.84197e+23      +/- 7.933e+25    (2.065e+04%)

correlation matrix of the fit parameters:
                m      k      
m               1.000 
k               0.981  1.000 


*******************************************************************************
Thu Oct 20 18:04:56 2016


FIT:    data read from "resultados.dat" using 2:3
        format = x:z
        #datapoints = 344
        residuals are weighted equally (unit weight)

function used for fitting: f(x)
	f(x)=log(k)-m*log(x)
fitted parameters initialized with current variable values

iter      chisq       delta/lim  lambda   m             k            
   0 1.9156482416e+08   0.00e+00  1.25e+02   -3.583269e+01   3.841968e+23
  41 1.8706819690e+08  -9.71e-01  1.25e-21   -2.486214e+01   4.163545e+47

After 41 iterations the fit converged.
final sum of squares of residuals : 1.87068e+08
rel. change during last iteration : -9.7093e-06

degrees of freedom    (FIT_NDF)                        : 342
rms of residuals      (FIT_STDFIT) = sqrt(WSSR/ndf)    : 739.583
variance of residuals (reduced chisquare) = WSSR/ndf   : 546983

Final set of parameters            Asymptotic Standard Error
=======================            ==========================
m               = -24.8621         +/- 41.23        (165.8%)
k               = 4.16354e+47      +/- 8.496e+49    (2.041e+04%)

correlation matrix of the fit parameters:
                m      k      
m               1.000 
k               0.981  1.000 


*******************************************************************************
Thu Oct 20 18:34:41 2016


FIT:    data read from "resultados.dat" using 3:2
        format = x:z
        #datapoints = 344
        residuals are weighted equally (unit weight)

function used for fitting: f(x)
	f(x)=log(k)-m*log(x)
fitted parameters initialized with current variable values

iter      chisq       delta/lim  lambda   m             k            
   0 7.1388683197e+06   0.00e+00  9.25e+01   -2.486214e+01   4.163545e+47
 246 3.3606501472e+06  -9.97e-01  9.25e-21    2.525781e+00   8.375417e+70

After 246 iterations the fit converged.
final sum of squares of residuals : 3.36065e+06
rel. change during last iteration : -9.96705e-06

degrees of freedom    (FIT_NDF)                        : 342
rms of residuals      (FIT_STDFIT) = sqrt(WSSR/ndf)    : 99.1285
variance of residuals (reduced chisquare) = WSSR/ndf   : 9826.46

Final set of parameters            Asymptotic Standard Error
=======================            ==========================
m               = 2.52578          +/- 4.27         (169%)
k               = 8.37542e+70      +/- 1.882e+72    (2247%)

correlation matrix of the fit parameters:
                m      k      
m               1.000 
k               0.971  1.000 


*******************************************************************************
Thu Oct 20 18:36:10 2016


FIT:    data read from "resultados.dat" using 3:2
        format = x:z
        #datapoints = 344
        residuals are weighted equally (unit weight)

function used for fitting: f(x)
	f(x)=log(k)-m*log(x)
fitted parameters initialized with current variable values

iter      chisq       delta/lim  lambda   m             k            
   0 1.8514788071e+08   0.00e+00  8.86e+00    2.525781e+00   8.375417e+70
  40 1.7860070962e+08  -9.83e-01  8.86e-21   -3.646269e+00   1.260070e+94

After 40 iterations the fit converged.
final sum of squares of residuals : 1.78601e+08
rel. change during last iteration : -9.82822e-06

degrees of freedom    (FIT_NDF)                        : 342
rms of residuals      (FIT_STDFIT) = sqrt(WSSR/ndf)    : 722.651
variance of residuals (reduced chisquare) = WSSR/ndf   : 522224

Final set of parameters            Asymptotic Standard Error
=======================            ==========================
m               = -3.64627         +/- 40.28        (1105%)
k               = 1.26007e+94      +/- 2.512e+96    (1.994e+04%)

correlation matrix of the fit parameters:
                m      k      
m               1.000 
k               0.981  1.000 


*******************************************************************************
Thu Oct 20 18:36:27 2016


FIT:    data read from "resultados.dat" using 2:3
        format = x:z
        #datapoints = 344
        residuals are weighted equally (unit weight)

function used for fitting: f(x)
	f(x)=log(k)-m*log(x)
fitted parameters initialized with current variable values

iter      chisq       delta/lim  lambda   m             k            
   0 5.0491248254e+06   0.00e+00  1.36e+01   -3.646269e+00   1.260070e+94
 301 1.9364128262e+06  -9.99e-01  1.36e-21    2.263628e+01  1.636412e+118

After 301 iterations the fit converged.
final sum of squares of residuals : 1.93641e+06
rel. change during last iteration : -9.99232e-06

degrees of freedom    (FIT_NDF)                        : 342
rms of residuals      (FIT_STDFIT) = sqrt(WSSR/ndf)    : 75.2464
variance of residuals (reduced chisquare) = WSSR/ndf   : 5662.03

Final set of parameters            Asymptotic Standard Error
=======================            ==========================
m               = 22.6363          +/- 3.241        (14.32%)
k               = 1.63641e+118     +/- 2.791e+119   (1705%)

correlation matrix of the fit parameters:
                m      k      
m               1.000 
k               0.971  1.000 


*******************************************************************************
Thu Oct 20 18:36:48 2016


FIT:    data read from "resultados.dat" using 3:2
        format = x:z
        #datapoints = 344
        residuals are weighted equally (unit weight)

function used for fitting: f(x)
	f(x)=log(k)-m*log(x)
fitted parameters initialized with current variable values

iter      chisq       delta/lim  lambda   m             k            
   0 1.7629141050e+08   0.00e+00  7.92e+01    2.263628e+01  1.636412e+118
  40 1.7028780446e+08  -9.93e-01  7.92e-21    1.795792e+01  2.704417e+141

After 40 iterations the fit converged.
final sum of squares of residuals : 1.70288e+08
rel. change during last iteration : -9.92804e-06

degrees of freedom    (FIT_NDF)                        : 342
rms of residuals      (FIT_STDFIT) = sqrt(WSSR/ndf)    : 705.633
variance of residuals (reduced chisquare) = WSSR/ndf   : 497918

Final set of parameters            Asymptotic Standard Error
=======================            ==========================
m               = 17.9579          +/- 39.33        (219%)
k               = 2.70442e+141     +/- 5.265e+143   (1.947e+04%)

correlation matrix of the fit parameters:
                m      k      
m               1.000 
k               0.981  1.000 


*******************************************************************************
Thu Oct 20 18:37:25 2016


FIT:    data read from "resultados.dat" using 3:2
        format = x:z
        #datapoints = 339
        residuals are weighted equally (unit weight)

function used for fitting: f(x)
	f(x)=log(k)-m*log(x)
fitted parameters initialized with current variable values

iter      chisq       delta/lim  lambda   m             k            
   0 3.0591925747e+07   0.00e+00  6.33e+01    1.795792e+01  2.704417e+141
  73 2.8830076571e+07  -9.86e-01  6.33e-21    3.083475e+01  5.680877e+164

After 73 iterations the fit converged.
final sum of squares of residuals : 2.88301e+07
rel. change during last iteration : -9.8633e-06

degrees of freedom    (FIT_NDF)                        : 337
rms of residuals      (FIT_STDFIT) = sqrt(WSSR/ndf)    : 292.488
variance of residuals (reduced chisquare) = WSSR/ndf   : 85549.2

Final set of parameters            Asymptotic Standard Error
=======================            ==========================
m               = 30.8347          +/- 18.75        (60.82%)
k               = 5.68088e+164     +/- 5.31e+166    (9347%)

correlation matrix of the fit parameters:
                m      k      
m               1.000 
k               0.985  1.000 


*******************************************************************************
Thu Oct 20 18:37:58 2016


FIT:    data read from "resultados.dat" using 3:2
        format = x:z
        #datapoints = 321
        residuals are weighted equally (unit weight)

function used for fitting: f(x)
	f(x)=log(k)-m*log(x)
fitted parameters initialized with current variable values

iter      chisq       delta/lim  lambda   m             k            
   0 2.8176167741e+07   0.00e+00  1.08e+02    3.083475e+01  5.680877e+164
  76 2.6469846161e+07  -9.83e-01  1.08e-21    3.935875e+01  6.839995e+188

After 76 iterations the fit converged.
final sum of squares of residuals : 2.64698e+07
rel. change during last iteration : -9.82535e-06

degrees of freedom    (FIT_NDF)                        : 319
rms of residuals      (FIT_STDFIT) = sqrt(WSSR/ndf)    : 288.058
variance of residuals (reduced chisquare) = WSSR/ndf   : 82977.6

Final set of parameters            Asymptotic Standard Error
=======================            ==========================
m               = 39.3587          +/- 19.09        (48.51%)
k               = 6.83999e+188     +/- 6.442e+190   (9418%)

correlation matrix of the fit parameters:
                m      k      
m               1.000 
k               0.985  1.000 
